{"C:\\Users\\umama\\OneDrive\\Desktop\\Second Project\\PROTIMEAPP\\backend\\src\\application\\constants\\ResponseMessages.ts": {"path":"C:\\Users\\umama\\OneDrive\\Desktop\\Second Project\\PROTIMEAPP\\backend\\src\\application\\constants\\ResponseMessages.ts","statementMap":{"0":{"start":{"line":1,"column":0},"end":{"line":1,"column":null}},"1":{"start":{"line":3,"column":2},"end":{"line":3,"column":null}},"2":{"start":{"line":4,"column":2},"end":{"line":4,"column":null}},"3":{"start":{"line":5,"column":2},"end":{"line":5,"column":null}},"4":{"start":{"line":6,"column":2},"end":{"line":6,"column":null}},"5":{"start":{"line":7,"column":2},"end":{"line":7,"column":null}},"6":{"start":{"line":9,"column":2},"end":{"line":9,"column":null}},"7":{"start":{"line":10,"column":2},"end":{"line":10,"column":null}},"8":{"start":{"line":11,"column":2},"end":{"line":11,"column":null}},"9":{"start":{"line":12,"column":2},"end":{"line":12,"column":null}},"10":{"start":{"line":15,"column":2},"end":{"line":15,"column":null}},"11":{"start":{"line":16,"column":2},"end":{"line":16,"column":null}},"12":{"start":{"line":17,"column":2},"end":{"line":17,"column":null}},"13":{"start":{"line":20,"column":2},"end":{"line":20,"column":null}},"14":{"start":{"line":21,"column":2},"end":{"line":21,"column":null}},"15":{"start":{"line":22,"column":2},"end":{"line":22,"column":null}},"16":{"start":{"line":23,"column":2},"end":{"line":23,"column":null}},"17":{"start":{"line":26,"column":2},"end":{"line":26,"column":null}},"18":{"start":{"line":27,"column":2},"end":{"line":27,"column":null}},"19":{"start":{"line":28,"column":2},"end":{"line":28,"column":null}},"20":{"start":{"line":29,"column":2},"end":{"line":29,"column":null}},"21":{"start":{"line":30,"column":2},"end":{"line":30,"column":null}},"22":{"start":{"line":31,"column":2},"end":{"line":31,"column":null}},"23":{"start":{"line":32,"column":2},"end":{"line":32,"column":null}},"24":{"start":{"line":33,"column":2},"end":{"line":33,"column":null}},"25":{"start":{"line":34,"column":2},"end":{"line":34,"column":null}},"26":{"start":{"line":37,"column":2},"end":{"line":37,"column":null}},"27":{"start":{"line":40,"column":2},"end":{"line":40,"column":null}},"28":{"start":{"line":41,"column":2},"end":{"line":41,"column":null}},"29":{"start":{"line":42,"column":2},"end":{"line":42,"column":null}}},"fnMap":{"0":{"name":"(anonymous_0)","decl":{"start":{"line":1,"column":0},"end":{"line":1,"column":12}},"loc":{"start":{"line":1,"column":28},"end":{"line":43,"column":1}}}},"branchMap":{"0":{"loc":{"start":{"line":1,"column":12},"end":{"line":1,"column":null}},"type":"binary-expr","locations":[{"start":{"line":1,"column":12},"end":{"line":1,"column":28}},{"start":{"line":1,"column":28},"end":{"line":1,"column":null}}]}},"s":{"0":3,"1":3,"2":3,"3":3,"4":3,"5":3,"6":3,"7":3,"8":3,"9":3,"10":3,"11":3,"12":3,"13":3,"14":3,"15":3,"16":3,"17":3,"18":3,"19":3,"20":3,"21":3,"22":3,"23":3,"24":3,"25":3,"26":3,"27":3,"28":3,"29":3},"f":{"0":3},"b":{"0":[3,3]}}
,"C:\\Users\\umama\\OneDrive\\Desktop\\Second Project\\PROTIMEAPP\\backend\\src\\application\\constants\\TimeConstants.ts": {"path":"C:\\Users\\umama\\OneDrive\\Desktop\\Second Project\\PROTIMEAPP\\backend\\src\\application\\constants\\TimeConstants.ts","statementMap":{"0":{"start":{"line":1,"column":13},"end":{"line":7,"column":null}}},"fnMap":{},"branchMap":{},"s":{"0":1},"f":{},"b":{}}
,"C:\\Users\\umama\\OneDrive\\Desktop\\Second Project\\PROTIMEAPP\\backend\\src\\application\\use-cases\\user\\LoginUserUseCase.ts": {"path":"C:\\Users\\umama\\OneDrive\\Desktop\\Second Project\\PROTIMEAPP\\backend\\src\\application\\use-cases\\user\\LoginUserUseCase.ts","statementMap":{"0":{"start":{"line":6,"column":0},"end":{"line":6,"column":60}},"1":{"start":{"line":7,"column":0},"end":{"line":7,"column":89}},"2":{"start":{"line":8,"column":0},"end":{"line":8,"column":68}},"3":{"start":{"line":10,"column":0},"end":{"line":10,"column":58}},"4":{"start":{"line":14,"column":21},"end":{"line":14,"column":52}},"5":{"start":{"line":15,"column":21},"end":{"line":15,"column":54}},"6":{"start":{"line":16,"column":21},"end":{"line":16,"column":48}},"7":{"start":{"line":17,"column":21},"end":{"line":17,"column":36}},"8":{"start":{"line":21,"column":20},"end":{"line":21,"column":43}},"9":{"start":{"line":22,"column":17},"end":{"line":22,"column":63}},"10":{"start":{"line":24,"column":4},"end":{"line":27,"column":5}},"11":{"start":{"line":25,"column":6},"end":{"line":25,"column":72}},"12":{"start":{"line":26,"column":6},"end":{"line":26,"column":42}},"13":{"start":{"line":29,"column":4},"end":{"line":32,"column":5}},"14":{"start":{"line":30,"column":6},"end":{"line":30,"column":74}},"15":{"start":{"line":31,"column":6},"end":{"line":31,"column":42}},"16":{"start":{"line":35,"column":4},"end":{"line":38,"column":5}},"17":{"start":{"line":36,"column":6},"end":{"line":36,"column":80}},"18":{"start":{"line":37,"column":6},"end":{"line":37,"column":42}},"19":{"start":{"line":40,"column":28},"end":{"line":42,"column":null}},"20":{"start":{"line":45,"column":4},"end":{"line":48,"column":5}},"21":{"start":{"line":46,"column":6},"end":{"line":46,"column":60}},"22":{"start":{"line":47,"column":6},"end":{"line":47,"column":42}},"23":{"start":{"line":50,"column":20},"end":{"line":54,"column":6}},"24":{"start":{"line":57,"column":22},"end":{"line":57,"column":24}},"25":{"start":{"line":58,"column":23},"end":{"line":58,"column":25}},"26":{"start":{"line":60,"column":4},"end":{"line":75,"column":5}},"27":{"start":{"line":61,"column":26},"end":{"line":61,"column":84}},"28":{"start":{"line":62,"column":27},"end":{"line":62,"column":87}},"29":{"start":{"line":64,"column":6},"end":{"line":71,"column":7}},"30":{"start":{"line":65,"column":8},"end":{"line":65,"column":38}},"31":{"start":{"line":66,"column":8},"end":{"line":66,"column":40}},"32":{"start":{"line":68,"column":8},"end":{"line":68,"column":71}},"33":{"start":{"line":69,"column":8},"end":{"line":69,"column":75}},"34":{"start":{"line":70,"column":8},"end":{"line":70,"column":77}},"35":{"start":{"line":73,"column":6},"end":{"line":73,"column":73}},"36":{"start":{"line":74,"column":6},"end":{"line":74,"column":75}},"37":{"start":{"line":77,"column":38},"end":{"line":86,"column":6}},"38":{"start":{"line":88,"column":4},"end":{"line":88,"column":65}},"39":{"start":{"line":90,"column":4},"end":{"line":95,"column":6}},"40":{"start":{"line":12,"column":0},"end":{"line":12,"column":13}}},"fnMap":{"0":{"name":"(anonymous_7)","decl":{"start":{"line":13,"column":2},"end":{"line":13,"column":null}},"loc":{"start":{"line":17,"column":36},"end":{"line":18,"column":6}}},"1":{"name":"(anonymous_8)","decl":{"start":{"line":20,"column":8},"end":{"line":20,"column":15}},"loc":{"start":{"line":20,"column":33},"end":{"line":96,"column":null}}}},"branchMap":{"0":{"loc":{"start":{"line":24,"column":4},"end":{"line":27,"column":5}},"type":"if","locations":[{"start":{"line":24,"column":4},"end":{"line":27,"column":5}},{"start":{},"end":{}}]},"1":{"loc":{"start":{"line":29,"column":4},"end":{"line":32,"column":5}},"type":"if","locations":[{"start":{"line":29,"column":4},"end":{"line":32,"column":5}},{"start":{},"end":{}}]},"2":{"loc":{"start":{"line":35,"column":4},"end":{"line":38,"column":5}},"type":"if","locations":[{"start":{"line":35,"column":4},"end":{"line":38,"column":5}},{"start":{},"end":{}}]},"3":{"loc":{"start":{"line":45,"column":4},"end":{"line":48,"column":5}},"type":"if","locations":[{"start":{"line":45,"column":4},"end":{"line":48,"column":5}},{"start":{},"end":{}}]},"4":{"loc":{"start":{"line":60,"column":4},"end":{"line":75,"column":5}},"type":"if","locations":[{"start":{"line":60,"column":4},"end":{"line":75,"column":5}},{"start":{"line":72,"column":11},"end":{"line":75,"column":5}}]},"5":{"loc":{"start":{"line":60,"column":8},"end":{"line":60,"column":43}},"type":"binary-expr","locations":[{"start":{"line":60,"column":8},"end":{"line":60,"column":23}},{"start":{"line":60,"column":27},"end":{"line":60,"column":43}}]},"6":{"loc":{"start":{"line":64,"column":6},"end":{"line":71,"column":7}},"type":"if","locations":[{"start":{"line":64,"column":6},"end":{"line":71,"column":7}},{"start":{"line":67,"column":13},"end":{"line":71,"column":7}}]},"7":{"loc":{"start":{"line":64,"column":10},"end":{"line":64,"column":37}},"type":"binary-expr","locations":[{"start":{"line":64,"column":10},"end":{"line":64,"column":21}},{"start":{"line":64,"column":25},"end":{"line":64,"column":37}}]}},"s":{"0":1,"1":1,"2":1,"3":1,"4":5,"5":5,"6":5,"7":5,"8":5,"9":5,"10":5,"11":1,"12":1,"13":4,"14":1,"15":1,"16":3,"17":0,"18":0,"19":3,"20":3,"21":1,"22":1,"23":2,"24":2,"25":2,"26":2,"27":1,"28":1,"29":1,"30":1,"31":1,"32":0,"33":0,"34":0,"35":1,"36":1,"37":2,"38":2,"39":2,"40":1},"f":{"0":5,"1":5},"b":{"0":[1,4],"1":[1,3],"2":[0,3],"3":[1,2],"4":[1,1],"5":[2,1],"6":[1,0],"7":[1,1]}}
,"C:\\Users\\umama\\OneDrive\\Desktop\\Second Project\\PROTIMEAPP\\backend\\src\\application\\use-cases\\user\\RegisterUserUseCase.ts": {"path":"C:\\Users\\umama\\OneDrive\\Desktop\\Second Project\\PROTIMEAPP\\backend\\src\\application\\use-cases\\user\\RegisterUserUseCase.ts","statementMap":{"0":{"start":{"line":9,"column":0},"end":{"line":9,"column":62}},"1":{"start":{"line":10,"column":0},"end":{"line":10,"column":60}},"2":{"start":{"line":11,"column":0},"end":{"line":11,"column":56}},"3":{"start":{"line":12,"column":0},"end":{"line":12,"column":71}},"4":{"start":{"line":13,"column":0},"end":{"line":13,"column":85}},"5":{"start":{"line":14,"column":0},"end":{"line":14,"column":66}},"6":{"start":{"line":15,"column":0},"end":{"line":15,"column":70}},"7":{"start":{"line":17,"column":0},"end":{"line":17,"column":68}},"8":{"start":{"line":19,"column":0},"end":{"line":19,"column":62}},"9":{"start":{"line":23,"column":12},"end":{"line":23,"column":43}},"10":{"start":{"line":24,"column":12},"end":{"line":24,"column":45}},"11":{"start":{"line":25,"column":12},"end":{"line":25,"column":35}},"12":{"start":{"line":26,"column":12},"end":{"line":26,"column":39}},"13":{"start":{"line":27,"column":12},"end":{"line":27,"column":39}},"14":{"start":{"line":28,"column":12},"end":{"line":28,"column":53}},"15":{"start":{"line":29,"column":12},"end":{"line":29,"column":27}},"16":{"start":{"line":33,"column":20},"end":{"line":33,"column":43}},"17":{"start":{"line":35,"column":25},"end":{"line":35,"column":71}},"18":{"start":{"line":36,"column":4},"end":{"line":39,"column":5}},"19":{"start":{"line":37,"column":6},"end":{"line":37,"column":70}},"20":{"start":{"line":38,"column":6},"end":{"line":38,"column":40}},"21":{"start":{"line":41,"column":4},"end":{"line":57,"column":5}},"22":{"start":{"line":42,"column":21},"end":{"line":42,"column":36}},"23":{"start":{"line":43,"column":25},"end":{"line":47,"column":null}},"24":{"start":{"line":49,"column":6},"end":{"line":49,"column":49}},"25":{"start":{"line":50,"column":6},"end":{"line":50,"column":69}},"26":{"start":{"line":51,"column":6},"end":{"line":51,"column":31}},"27":{"start":{"line":52,"column":6},"end":{"line":52,"column":75}},"28":{"start":{"line":53,"column":6},"end":{"line":56,"column":8}},"29":{"start":{"line":58,"column":25},"end":{"line":58,"column":78}},"30":{"start":{"line":59,"column":23},"end":{"line":59,"column":54}},"31":{"start":{"line":60,"column":19},"end":{"line":60,"column":34}},"32":{"start":{"line":62,"column":17},"end":{"line":62,"column":72}},"33":{"start":{"line":64,"column":20},"end":{"line":66,"column":null}},"34":{"start":{"line":68,"column":22},"end":{"line":68,"column":72}},"35":{"start":{"line":69,"column":18},"end":{"line":69,"column":69}},"36":{"start":{"line":70,"column":4},"end":{"line":70,"column":28}},"37":{"start":{"line":72,"column":4},"end":{"line":72,"column":29}},"38":{"start":{"line":73,"column":4},"end":{"line":77,"column":6}},"39":{"start":{"line":78,"column":4},"end":{"line":80,"column":6}},"40":{"start":{"line":81,"column":4},"end":{"line":92,"column":6}},"41":{"start":{"line":94,"column":4},"end":{"line":94,"column":56}},"42":{"start":{"line":95,"column":4},"end":{"line":95,"column":64}},"43":{"start":{"line":96,"column":4},"end":{"line":96,"column":61}},"44":{"start":{"line":97,"column":4},"end":{"line":97,"column":23}},"45":{"start":{"line":98,"column":4},"end":{"line":101,"column":6}},"46":{"start":{"line":21,"column":0},"end":{"line":21,"column":13}}},"fnMap":{"0":{"name":"(anonymous_7)","decl":{"start":{"line":22,"column":2},"end":{"line":22,"column":null}},"loc":{"start":{"line":29,"column":27},"end":{"line":30,"column":6}}},"1":{"name":"(anonymous_8)","decl":{"start":{"line":32,"column":8},"end":{"line":32,"column":15}},"loc":{"start":{"line":32,"column":36},"end":{"line":102,"column":null}}}},"branchMap":{"0":{"loc":{"start":{"line":36,"column":4},"end":{"line":39,"column":5}},"type":"if","locations":[{"start":{"line":36,"column":4},"end":{"line":39,"column":5}},{"start":{},"end":{}}]},"1":{"loc":{"start":{"line":41,"column":4},"end":{"line":57,"column":5}},"type":"if","locations":[{"start":{"line":41,"column":4},"end":{"line":57,"column":5}},{"start":{},"end":{}}]}},"s":{"0":1,"1":1,"2":1,"3":1,"4":1,"5":1,"6":1,"7":1,"8":1,"9":3,"10":3,"11":3,"12":3,"13":3,"14":3,"15":3,"16":3,"17":3,"18":3,"19":1,"20":1,"21":2,"22":1,"23":1,"24":1,"25":1,"26":1,"27":1,"28":1,"29":1,"30":1,"31":1,"32":1,"33":1,"34":1,"35":1,"36":1,"37":1,"38":1,"39":1,"40":1,"41":1,"42":1,"43":1,"44":1,"45":1,"46":1},"f":{"0":3,"1":3},"b":{"0":[1,2],"1":[1,1]}}
,"C:\\Users\\umama\\OneDrive\\Desktop\\Second Project\\PROTIMEAPP\\backend\\src\\application\\use-cases\\user\\VerifyOtpUseCase.ts": {"path":"C:\\Users\\umama\\OneDrive\\Desktop\\Second Project\\PROTIMEAPP\\backend\\src\\application\\use-cases\\user\\VerifyOtpUseCase.ts","statementMap":{"0":{"start":{"line":5,"column":0},"end":{"line":5,"column":60}},"1":{"start":{"line":10,"column":0},"end":{"line":10,"column":73}},"2":{"start":{"line":11,"column":0},"end":{"line":11,"column":73}},"3":{"start":{"line":14,"column":0},"end":{"line":14,"column":61}},"4":{"start":{"line":16,"column":0},"end":{"line":16,"column":58}},"5":{"start":{"line":17,"column":0},"end":{"line":17,"column":62}},"6":{"start":{"line":18,"column":0},"end":{"line":18,"column":68}},"7":{"start":{"line":19,"column":0},"end":{"line":19,"column":66}},"8":{"start":{"line":24,"column":12},"end":{"line":24,"column":43}},"9":{"start":{"line":25,"column":12},"end":{"line":25,"column":39}},"10":{"start":{"line":26,"column":12},"end":{"line":26,"column":39}},"11":{"start":{"line":27,"column":12},"end":{"line":27,"column":35}},"12":{"start":{"line":28,"column":12},"end":{"line":28,"column":53}},"13":{"start":{"line":29,"column":12},"end":{"line":29,"column":27}},"14":{"start":{"line":33,"column":22},"end":{"line":33,"column":75}},"15":{"start":{"line":34,"column":4},"end":{"line":36,"column":6}},"16":{"start":{"line":37,"column":4},"end":{"line":40,"column":5}},"17":{"start":{"line":38,"column":6},"end":{"line":38,"column":70}},"18":{"start":{"line":39,"column":6},"end":{"line":39,"column":34}},"19":{"start":{"line":42,"column":23},"end":{"line":45,"column":null}},"20":{"start":{"line":48,"column":4},"end":{"line":51,"column":5}},"21":{"start":{"line":49,"column":6},"end":{"line":49,"column":63}},"22":{"start":{"line":50,"column":6},"end":{"line":50,"column":34}},"23":{"start":{"line":53,"column":23},"end":{"line":53,"column":44}},"24":{"start":{"line":55,"column":20},"end":{"line":55,"column":50}},"25":{"start":{"line":56,"column":19},"end":{"line":56,"column":47}},"26":{"start":{"line":59,"column":23},"end":{"line":59,"column":65}},"27":{"start":{"line":60,"column":17},"end":{"line":65,"column":null}},"28":{"start":{"line":68,"column":4},"end":{"line":68,"column":22}},"29":{"start":{"line":69,"column":4},"end":{"line":71,"column":6}},"30":{"start":{"line":72,"column":4},"end":{"line":72,"column":41}},"31":{"start":{"line":73,"column":4},"end":{"line":73,"column":61}},"32":{"start":{"line":74,"column":4},"end":{"line":74,"column":23}},"33":{"start":{"line":87,"column":4},"end":{"line":87,"column":64}},"34":{"start":{"line":89,"column":4},"end":{"line":89,"column":64}},"35":{"start":{"line":90,"column":4},"end":{"line":90,"column":61}},"36":{"start":{"line":91,"column":4},"end":{"line":96,"column":6}},"37":{"start":{"line":22,"column":0},"end":{"line":22,"column":13}}},"fnMap":{"0":{"name":"(anonymous_7)","decl":{"start":{"line":23,"column":2},"end":{"line":23,"column":null}},"loc":{"start":{"line":29,"column":27},"end":{"line":30,"column":6}}},"1":{"name":"(anonymous_8)","decl":{"start":{"line":32,"column":8},"end":{"line":32,"column":15}},"loc":{"start":{"line":32,"column":40},"end":{"line":97,"column":null}}}},"branchMap":{"0":{"loc":{"start":{"line":37,"column":4},"end":{"line":40,"column":5}},"type":"if","locations":[{"start":{"line":37,"column":4},"end":{"line":40,"column":5}},{"start":{},"end":{}}]},"1":{"loc":{"start":{"line":48,"column":4},"end":{"line":51,"column":5}},"type":"if","locations":[{"start":{"line":48,"column":4},"end":{"line":51,"column":5}},{"start":{},"end":{}}]}},"s":{"0":1,"1":1,"2":1,"3":1,"4":1,"5":1,"6":1,"7":1,"8":3,"9":3,"10":3,"11":3,"12":3,"13":3,"14":3,"15":3,"16":3,"17":1,"18":1,"19":2,"20":2,"21":1,"22":1,"23":1,"24":1,"25":1,"26":1,"27":1,"28":1,"29":1,"30":1,"31":1,"32":1,"33":1,"34":1,"35":1,"36":1,"37":1},"f":{"0":3,"1":3},"b":{"0":[1,2],"1":[1,1]}}
,"C:\\Users\\umama\\OneDrive\\Desktop\\Second Project\\PROTIMEAPP\\backend\\src\\domain\\entities\\BaseEntity.ts": {"path":"C:\\Users\\umama\\OneDrive\\Desktop\\Second Project\\PROTIMEAPP\\backend\\src\\domain\\entities\\BaseEntity.ts","statementMap":{"0":{"start":{"line":8,"column":20},"end":{"line":8,"column":48}},"1":{"start":{"line":11,"column":4},"end":{"line":11,"column":18}},"2":{"start":{"line":12,"column":4},"end":{"line":12,"column":46}},"3":{"start":{"line":13,"column":4},"end":{"line":13,"column":46}},"4":{"start":{"line":17,"column":4},"end":{"line":17,"column":20}},"5":{"start":{"line":21,"column":4},"end":{"line":21,"column":27}},"6":{"start":{"line":24,"column":25},"end":{"line":24,"column":48}},"7":{"start":{"line":25,"column":26},"end":{"line":25,"column":55}},"8":{"start":{"line":28,"column":4},"end":{"line":28,"column":29}},"9":{"start":{"line":32,"column":4},"end":{"line":32,"column":29}},"10":{"start":{"line":36,"column":4},"end":{"line":36,"column":28}},"11":{"start":{"line":4,"column":0},"end":{"line":4,"column":22}}},"fnMap":{"0":{"name":"(anonymous_0)","decl":{"start":{"line":10,"column":2},"end":{"line":10,"column":14}},"loc":{"start":{"line":10,"column":60},"end":{"line":14,"column":3}}},"1":{"name":"(anonymous_1)","decl":{"start":{"line":16,"column":2},"end":{"line":16,"column":6}},"loc":{"start":{"line":16,"column":8},"end":{"line":18,"column":3}}},"2":{"name":"(anonymous_2)","decl":{"start":{"line":20,"column":2},"end":{"line":20,"column":6}},"loc":{"start":{"line":20,"column":15},"end":{"line":22,"column":3}}},"3":{"name":"(anonymous_3)","decl":{"start":{"line":24,"column":1},"end":{"line":24,"column":5}},"loc":{"start":{"line":24,"column":14},"end":{"line":24,"column":50}}},"4":{"name":"(anonymous_4)","decl":{"start":{"line":25,"column":10},"end":{"line":25,"column":15}},"loc":{"start":{"line":25,"column":15},"end":{"line":25,"column":57}}},"5":{"name":"(anonymous_5)","decl":{"start":{"line":27,"column":14},"end":{"line":27,"column":22}},"loc":{"start":{"line":27,"column":41},"end":{"line":29,"column":3}}},"6":{"name":"(anonymous_6)","decl":{"start":{"line":31,"column":2},"end":{"line":31,"column":6}},"loc":{"start":{"line":31,"column":12},"end":{"line":33,"column":3}}},"7":{"name":"(anonymous_7)","decl":{"start":{"line":35,"column":2},"end":{"line":35,"column":13}},"loc":{"start":{"line":35,"column":13},"end":{"line":37,"column":3}}}},"branchMap":{"0":{"loc":{"start":{"line":12,"column":22},"end":{"line":12,"column":45}},"type":"cond-expr","locations":[{"start":{"line":12,"column":22},"end":{"line":12,"column":31}},{"start":{"line":12,"column":35},"end":{"line":12,"column":45}}]},"1":{"loc":{"start":{"line":12,"column":22},"end":{"line":12,"column":35}},"type":"binary-expr","locations":[{"start":{"line":12,"column":22},"end":{"line":12,"column":35}},{"start":{"line":12,"column":22},"end":{"line":12,"column":35}}]},"2":{"loc":{"start":{"line":13,"column":22},"end":{"line":13,"column":45}},"type":"cond-expr","locations":[{"start":{"line":13,"column":22},"end":{"line":13,"column":31}},{"start":{"line":13,"column":35},"end":{"line":13,"column":45}}]},"3":{"loc":{"start":{"line":13,"column":22},"end":{"line":13,"column":35}},"type":"binary-expr","locations":[{"start":{"line":13,"column":22},"end":{"line":13,"column":35}},{"start":{"line":13,"column":22},"end":{"line":13,"column":35}}]}},"s":{"0":14,"1":14,"2":14,"3":14,"4":6,"5":2,"6":0,"7":4,"8":6,"9":8,"10":4,"11":4},"f":{"0":14,"1":6,"2":2,"3":0,"4":4,"5":6,"6":8,"7":4},"b":{"0":[0,14],"1":[14,14],"2":[0,14],"3":[14,14]}}
,"C:\\Users\\umama\\OneDrive\\Desktop\\Second Project\\PROTIMEAPP\\backend\\src\\domain\\entities\\User.ts": {"path":"C:\\Users\\umama\\OneDrive\\Desktop\\Second Project\\PROTIMEAPP\\backend\\src\\domain\\entities\\User.ts","statementMap":{"0":{"start":{"line":1,"column":0},"end":{"line":1,"column":42}},"1":{"start":{"line":4,"column":0},"end":{"line":4,"column":58}},"2":{"start":{"line":6,"column":0},"end":{"line":6,"column":64}},"3":{"start":{"line":7,"column":0},"end":{"line":7,"column":78}},"4":{"start":{"line":8,"column":0},"end":{"line":8,"column":64}},"5":{"start":{"line":10,"column":0},"end":{"line":10,"column":56}},"6":{"start":{"line":11,"column":0},"end":{"line":11,"column":70}},"7":{"start":{"line":12,"column":0},"end":{"line":12,"column":64}},"8":{"start":{"line":13,"column":0},"end":{"line":13,"column":46}},"9":{"start":{"line":35,"column":4},"end":{"line":35,"column":36}},"10":{"start":{"line":36,"column":4},"end":{"line":36,"column":22}},"11":{"start":{"line":37,"column":4},"end":{"line":37,"column":24}},"12":{"start":{"line":38,"column":4},"end":{"line":38,"column":22}},"13":{"start":{"line":39,"column":4},"end":{"line":39,"column":26}},"14":{"start":{"line":40,"column":4},"end":{"line":40,"column":34}},"15":{"start":{"line":41,"column":4},"end":{"line":41,"column":28}},"16":{"start":{"line":45,"column":23},"end":{"line":45,"column":41}},"17":{"start":{"line":46,"column":23},"end":{"line":46,"column":42}},"18":{"start":{"line":47,"column":25},"end":{"line":47,"column":43}},"19":{"start":{"line":48,"column":29},"end":{"line":48,"column":49}},"20":{"start":{"line":49,"column":30},"end":{"line":49,"column":54}},"21":{"start":{"line":50,"column":29},"end":{"line":50,"column":51}},"22":{"start":{"line":54,"column":4},"end":{"line":60,"column":5}},"23":{"start":{"line":55,"column":6},"end":{"line":55,"column":30}},"24":{"start":{"line":56,"column":6},"end":{"line":56,"column":39}},"25":{"start":{"line":57,"column":6},"end":{"line":57,"column":78}},"26":{"start":{"line":58,"column":6},"end":{"line":58,"column":19}},"27":{"start":{"line":64,"column":4},"end":{"line":68,"column":5}},"28":{"start":{"line":65,"column":6},"end":{"line":65,"column":40}},"29":{"start":{"line":66,"column":7},"end":{"line":66,"column":20}},"30":{"start":{"line":16,"column":0},"end":{"line":16,"column":22}},"31":{"start":{"line":88,"column":4},"end":{"line":88,"column":84}},"32":{"start":{"line":89,"column":4},"end":{"line":89,"column":30}},"33":{"start":{"line":93,"column":4},"end":{"line":95,"column":5}},"34":{"start":{"line":94,"column":6},"end":{"line":94,"column":null}},"35":{"start":{"line":97,"column":4},"end":{"line":97,"column":59}},"36":{"start":{"line":113,"column":4},"end":{"line":113,"column":110}},"37":{"start":{"line":119,"column":4},"end":{"line":119,"column":26}},"38":{"start":{"line":123,"column":4},"end":{"line":125,"column":5}},"39":{"start":{"line":124,"column":6},"end":{"line":124,"column":36}},"40":{"start":{"line":126,"column":4},"end":{"line":126,"column":31}},"41":{"start":{"line":127,"column":4},"end":{"line":127,"column":17}},"42":{"start":{"line":128,"column":4},"end":{"line":128,"column":80}},"43":{"start":{"line":132,"column":4},"end":{"line":132,"column":96}},"44":{"start":{"line":73,"column":0},"end":{"line":73,"column":13}},"45":{"start":{"line":152,"column":4},"end":{"line":152,"column":84}},"46":{"start":{"line":153,"column":4},"end":{"line":153,"column":30}},"47":{"start":{"line":157,"column":4},"end":{"line":159,"column":5}},"48":{"start":{"line":158,"column":6},"end":{"line":158,"column":null}},"49":{"start":{"line":160,"column":4},"end":{"line":162,"column":5}},"50":{"start":{"line":161,"column":6},"end":{"line":161,"column":null}},"51":{"start":{"line":163,"column":4},"end":{"line":163,"column":60}},"52":{"start":{"line":167,"column":4},"end":{"line":167,"column":26}},"53":{"start":{"line":137,"column":0},"end":{"line":137,"column":13}}},"fnMap":{"0":{"name":"(anonymous_0)","decl":{"start":{"line":24,"column":2},"end":{"line":24,"column":null}},"loc":{"start":{"line":33,"column":20},"end":{"line":42,"column":3}}},"1":{"name":"(anonymous_1)","decl":{"start":{"line":45,"column":2},"end":{"line":45,"column":6}},"loc":{"start":{"line":45,"column":10},"end":{"line":45,"column":43}}},"2":{"name":"(anonymous_2)","decl":{"start":{"line":46,"column":2},"end":{"line":46,"column":6}},"loc":{"start":{"line":46,"column":11},"end":{"line":46,"column":44}}},"3":{"name":"(anonymous_3)","decl":{"start":{"line":47,"column":2},"end":{"line":47,"column":6}},"loc":{"start":{"line":47,"column":10},"end":{"line":47,"column":45}}},"4":{"name":"(anonymous_4)","decl":{"start":{"line":48,"column":2},"end":{"line":48,"column":6}},"loc":{"start":{"line":48,"column":12},"end":{"line":48,"column":51}}},"5":{"name":"(anonymous_5)","decl":{"start":{"line":49,"column":2},"end":{"line":49,"column":6}},"loc":{"start":{"line":49,"column":16},"end":{"line":49,"column":56}}},"6":{"name":"(anonymous_6)","decl":{"start":{"line":50,"column":2},"end":{"line":50,"column":6}},"loc":{"start":{"line":50,"column":14},"end":{"line":50,"column":53}}},"7":{"name":"(anonymous_7)","decl":{"start":{"line":53,"column":2},"end":{"line":53,"column":12}},"loc":{"start":{"line":53,"column":12},"end":{"line":61,"column":3}}},"8":{"name":"(anonymous_8)","decl":{"start":{"line":63,"column":2},"end":{"line":63,"column":11}},"loc":{"start":{"line":63,"column":11},"end":{"line":69,"column":3}}},"9":{"name":"(anonymous_9)","decl":{"start":{"line":76,"column":2},"end":{"line":76,"column":null}},"loc":{"start":{"line":86,"column":20},"end":{"line":90,"column":3}}},"10":{"name":"(anonymous_10)","decl":{"start":{"line":92,"column":2},"end":{"line":92,"column":8}},"loc":{"start":{"line":92,"column":74},"end":{"line":98,"column":3}}},"11":{"name":"(anonymous_11)","decl":{"start":{"line":101,"column":2},"end":{"line":101,"column":8}},"loc":{"start":{"line":111,"column":20},"end":{"line":114,"column":3}}},"12":{"name":"(anonymous_12)","decl":{"start":{"line":118,"column":2},"end":{"line":118,"column":6}},"loc":{"start":{"line":118,"column":14},"end":{"line":120,"column":3}}},"13":{"name":"(anonymous_13)","decl":{"start":{"line":122,"column":4},"end":{"line":122,"column":24}},"loc":{"start":{"line":122,"column":44},"end":{"line":129,"column":3}}},"14":{"name":"(anonymous_14)","decl":{"start":{"line":131,"column":2},"end":{"line":131,"column":13}},"loc":{"start":{"line":131,"column":22},"end":{"line":133,"column":3}}},"15":{"name":"(anonymous_15)","decl":{"start":{"line":140,"column":2},"end":{"line":140,"column":null}},"loc":{"start":{"line":150,"column":20},"end":{"line":154,"column":3}}},"16":{"name":"(anonymous_16)","decl":{"start":{"line":156,"column":2},"end":{"line":156,"column":8}},"loc":{"start":{"line":156,"column":72},"end":{"line":164,"column":3}}},"17":{"name":"(anonymous_17)","decl":{"start":{"line":166,"column":2},"end":{"line":166,"column":6}},"loc":{"start":{"line":166,"column":14},"end":{"line":168,"column":3}}}},"branchMap":{"0":{"loc":{"start":{"line":54,"column":4},"end":{"line":60,"column":5}},"type":"if","locations":[{"start":{"line":54,"column":4},"end":{"line":60,"column":5}},{"start":{},"end":{}}]},"1":{"loc":{"start":{"line":64,"column":4},"end":{"line":68,"column":5}},"type":"if","locations":[{"start":{"line":64,"column":4},"end":{"line":68,"column":5}},{"start":{},"end":{}}]},"2":{"loc":{"start":{"line":81,"column":4},"end":{"line":81,"column":34}},"type":"default-arg","locations":[{"start":{"line":81,"column":21},"end":{"line":81,"column":34}}]},"3":{"loc":{"start":{"line":82,"column":4},"end":{"line":82,"column":56}},"type":"default-arg","locations":[{"start":{"line":82,"column":25},"end":{"line":82,"column":56}}]},"4":{"loc":{"start":{"line":83,"column":4},"end":{"line":83,"column":22}},"type":"default-arg","locations":[{"start":{"line":83,"column":17},"end":{"line":83,"column":22}}]},"5":{"loc":{"start":{"line":84,"column":4},"end":{"line":84,"column":36}},"type":"default-arg","locations":[{"start":{"line":84,"column":22},"end":{"line":84,"column":36}}]},"6":{"loc":{"start":{"line":93,"column":4},"end":{"line":95,"column":5}},"type":"if","locations":[{"start":{"line":93,"column":4},"end":{"line":95,"column":5}},{"start":{},"end":{}}]},"7":{"loc":{"start":{"line":93,"column":8},"end":{"line":93,"column":39}},"type":"binary-expr","locations":[{"start":{"line":93,"column":8},"end":{"line":93,"column":13}},{"start":{"line":93,"column":17},"end":{"line":93,"column":39}}]},"8":{"loc":{"start":{"line":123,"column":4},"end":{"line":125,"column":5}},"type":"if","locations":[{"start":{"line":123,"column":4},"end":{"line":125,"column":5}},{"start":{},"end":{}}]},"9":{"loc":{"start":{"line":145,"column":4},"end":{"line":145,"column":34}},"type":"default-arg","locations":[{"start":{"line":145,"column":21},"end":{"line":145,"column":34}}]},"10":{"loc":{"start":{"line":146,"column":4},"end":{"line":146,"column":42}},"type":"default-arg","locations":[{"start":{"line":146,"column":25},"end":{"line":146,"column":42}}]},"11":{"loc":{"start":{"line":147,"column":4},"end":{"line":147,"column":21}},"type":"default-arg","locations":[{"start":{"line":147,"column":17},"end":{"line":147,"column":21}}]},"12":{"loc":{"start":{"line":148,"column":4},"end":{"line":148,"column":37}},"type":"default-arg","locations":[{"start":{"line":148,"column":22},"end":{"line":148,"column":37}}]},"13":{"loc":{"start":{"line":157,"column":4},"end":{"line":159,"column":5}},"type":"if","locations":[{"start":{"line":157,"column":4},"end":{"line":159,"column":5}},{"start":{},"end":{}}]},"14":{"loc":{"start":{"line":157,"column":8},"end":{"line":157,"column":39}},"type":"binary-expr","locations":[{"start":{"line":157,"column":8},"end":{"line":157,"column":13}},{"start":{"line":157,"column":17},"end":{"line":157,"column":39}}]},"15":{"loc":{"start":{"line":160,"column":4},"end":{"line":162,"column":5}},"type":"if","locations":[{"start":{"line":160,"column":4},"end":{"line":162,"column":5}},{"start":{},"end":{}}]}},"s":{"0":4,"1":4,"2":4,"3":4,"4":4,"5":4,"6":4,"7":4,"8":4,"9":14,"10":14,"11":14,"12":14,"13":14,"14":14,"15":14,"16":5,"17":7,"18":4,"19":5,"20":7,"21":4,"22":3,"23":3,"24":3,"25":3,"26":3,"27":0,"28":0,"29":0,"30":4,"31":12,"32":12,"33":9,"34":1,"35":8,"36":4,"37":4,"38":2,"39":1,"40":1,"41":1,"42":1,"43":2,"44":4,"45":2,"46":2,"47":4,"48":1,"49":3,"50":1,"51":2,"52":1,"53":4},"f":{"0":14,"1":5,"2":7,"3":4,"4":5,"5":7,"6":4,"7":3,"8":0,"9":12,"10":9,"11":4,"12":4,"13":2,"14":2,"15":2,"16":4,"17":1},"b":{"0":[3,0],"1":[0,0],"2":[8],"3":[8],"4":[8],"5":[8],"6":[1,8],"7":[9,8],"8":[1,1],"9":[2],"10":[2],"11":[2],"12":[2],"13":[1,3],"14":[4,3],"15":[1,2]}}
,"C:\\Users\\umama\\OneDrive\\Desktop\\Second Project\\PROTIMEAPP\\backend\\src\\domain\\enums\\UserEnums.ts": {"path":"C:\\Users\\umama\\OneDrive\\Desktop\\Second Project\\PROTIMEAPP\\backend\\src\\domain\\enums\\UserEnums.ts","statementMap":{"0":{"start":{"line":1,"column":0},"end":{"line":1,"column":null}},"1":{"start":{"line":2,"column":2},"end":{"line":2,"column":null}},"2":{"start":{"line":3,"column":2},"end":{"line":3,"column":null}},"3":{"start":{"line":4,"column":2},"end":{"line":4,"column":null}},"4":{"start":{"line":7,"column":0},"end":{"line":7,"column":null}},"5":{"start":{"line":8,"column":2},"end":{"line":8,"column":null}},"6":{"start":{"line":9,"column":2},"end":{"line":9,"column":null}},"7":{"start":{"line":12,"column":0},"end":{"line":12,"column":27}},"8":{"start":{"line":12,"column":27},"end":{"line":12,"column":null}},"9":{"start":{"line":13,"column":2},"end":{"line":13,"column":18}},"10":{"start":{"line":15,"column":0},"end":{"line":15,"column":null}},"11":{"start":{"line":16,"column":2},"end":{"line":16,"column":null}},"12":{"start":{"line":17,"column":2},"end":{"line":17,"column":null}}},"fnMap":{"0":{"name":"(anonymous_0)","decl":{"start":{"line":1,"column":0},"end":{"line":1,"column":12}},"loc":{"start":{"line":1,"column":22},"end":{"line":5,"column":1}}},"1":{"name":"(anonymous_1)","decl":{"start":{"line":7,"column":0},"end":{"line":7,"column":12}},"loc":{"start":{"line":7,"column":20},"end":{"line":10,"column":1}}},"2":{"name":"(anonymous_2)","decl":{"start":{"line":12,"column":0},"end":{"line":12,"column":12}},"loc":{"start":{"line":12,"column":22},"end":{"line":13,"column":18}}},"3":{"name":"(anonymous_3)","decl":{"start":{"line":15,"column":0},"end":{"line":15,"column":12}},"loc":{"start":{"line":15,"column":20},"end":{"line":18,"column":1}}}},"branchMap":{"0":{"loc":{"start":{"line":1,"column":12},"end":{"line":1,"column":null}},"type":"binary-expr","locations":[{"start":{"line":1,"column":12},"end":{"line":1,"column":22}},{"start":{"line":1,"column":22},"end":{"line":1,"column":null}}]},"1":{"loc":{"start":{"line":7,"column":12},"end":{"line":7,"column":null}},"type":"binary-expr","locations":[{"start":{"line":7,"column":12},"end":{"line":7,"column":20}},{"start":{"line":7,"column":20},"end":{"line":7,"column":null}}]},"2":{"loc":{"start":{"line":12,"column":12},"end":{"line":12,"column":27}},"type":"binary-expr","locations":[{"start":{"line":12,"column":12},"end":{"line":12,"column":22}},{"start":{"line":12,"column":22},"end":{"line":12,"column":27}}]},"3":{"loc":{"start":{"line":15,"column":12},"end":{"line":15,"column":null}},"type":"binary-expr","locations":[{"start":{"line":15,"column":12},"end":{"line":15,"column":20}},{"start":{"line":15,"column":20},"end":{"line":15,"column":null}}]}},"s":{"0":4,"1":4,"2":4,"3":4,"4":4,"5":4,"6":4,"7":4,"8":4,"9":4,"10":4,"11":4,"12":4},"f":{"0":4,"1":4,"2":4,"3":4},"b":{"0":[4,4],"1":[4,4],"2":[4,4],"3":[4,4]}}
,"C:\\Users\\umama\\OneDrive\\Desktop\\Second Project\\PROTIMEAPP\\backend\\src\\domain\\errors\\DomainError.ts": {"path":"C:\\Users\\umama\\OneDrive\\Desktop\\Second Project\\PROTIMEAPP\\backend\\src\\domain\\errors\\DomainError.ts","statementMap":{"0":{"start":{"line":3,"column":4},"end":{"line":3,"column":19}},"1":{"start":{"line":4,"column":4},"end":{"line":4,"column":38}},"2":{"start":{"line":1,"column":0},"end":{"line":1,"column":22}}},"fnMap":{"0":{"name":"(anonymous_0)","decl":{"start":{"line":2,"column":2},"end":{"line":2,"column":24}},"loc":{"start":{"line":2,"column":39},"end":{"line":5,"column":3}}}},"branchMap":{},"s":{"0":10,"1":10,"2":4},"f":{"0":10},"b":{}}
,"C:\\Users\\umama\\OneDrive\\Desktop\\Second Project\\PROTIMEAPP\\backend\\src\\domain\\errors\\GoogleIdError.ts": {"path":"C:\\Users\\umama\\OneDrive\\Desktop\\Second Project\\PROTIMEAPP\\backend\\src\\domain\\errors\\GoogleIdError.ts","statementMap":{"0":{"start":{"line":1,"column":0},"end":{"line":1,"column":44}},"1":{"start":{"line":5,"column":4},"end":{"line":5,"column":60}},"2":{"start":{"line":3,"column":0},"end":{"line":3,"column":13}}},"fnMap":{"0":{"name":"(anonymous_0)","decl":{"start":{"line":4,"column":2},"end":{"line":4,"column":null}},"loc":{"start":{"line":4,"column":2},"end":{"line":6,"column":3}}}},"branchMap":{},"s":{"0":4,"1":1,"2":4},"f":{"0":1},"b":{}}
,"C:\\Users\\umama\\OneDrive\\Desktop\\Second Project\\PROTIMEAPP\\backend\\src\\domain\\errors\\InvalidCredentialsError.ts": {"path":"C:\\Users\\umama\\OneDrive\\Desktop\\Second Project\\PROTIMEAPP\\backend\\src\\domain\\errors\\InvalidCredentialsError.ts","statementMap":{"0":{"start":{"line":1,"column":0},"end":{"line":1,"column":44}},"1":{"start":{"line":5,"column":4},"end":{"line":5,"column":33}},"2":{"start":{"line":3,"column":0},"end":{"line":3,"column":13}}},"fnMap":{"0":{"name":"(anonymous_0)","decl":{"start":{"line":4,"column":2},"end":{"line":4,"column":null}},"loc":{"start":{"line":4,"column":2},"end":{"line":6,"column":3}}}},"branchMap":{},"s":{"0":4,"1":3,"2":4},"f":{"0":3},"b":{}}
,"C:\\Users\\umama\\OneDrive\\Desktop\\Second Project\\PROTIMEAPP\\backend\\src\\domain\\errors\\InvalidEmailError.ts": {"path":"C:\\Users\\umama\\OneDrive\\Desktop\\Second Project\\PROTIMEAPP\\backend\\src\\domain\\errors\\InvalidEmailError.ts","statementMap":{"0":{"start":{"line":1,"column":0},"end":{"line":1,"column":44}},"1":{"start":{"line":5,"column":4},"end":{"line":5,"column":27}},"2":{"start":{"line":3,"column":0},"end":{"line":3,"column":13}}},"fnMap":{"0":{"name":"(anonymous_0)","decl":{"start":{"line":4,"column":2},"end":{"line":4,"column":null}},"loc":{"start":{"line":4,"column":2},"end":{"line":6,"column":3}}}},"branchMap":{},"s":{"0":4,"1":0,"2":4},"f":{"0":0},"b":{}}
,"C:\\Users\\umama\\OneDrive\\Desktop\\Second Project\\PROTIMEAPP\\backend\\src\\domain\\errors\\InvalidOTPError.ts": {"path":"C:\\Users\\umama\\OneDrive\\Desktop\\Second Project\\PROTIMEAPP\\backend\\src\\domain\\errors\\InvalidOTPError.ts","statementMap":{"0":{"start":{"line":1,"column":0},"end":{"line":1,"column":44}},"1":{"start":{"line":5,"column":4},"end":{"line":5,"column":25}},"2":{"start":{"line":3,"column":0},"end":{"line":3,"column":13}}},"fnMap":{"0":{"name":"(anonymous_0)","decl":{"start":{"line":4,"column":2},"end":{"line":4,"column":null}},"loc":{"start":{"line":4,"column":2},"end":{"line":6,"column":3}}}},"branchMap":{},"s":{"0":3,"1":1,"2":3},"f":{"0":1},"b":{}}
,"C:\\Users\\umama\\OneDrive\\Desktop\\Second Project\\PROTIMEAPP\\backend\\src\\domain\\errors\\InvalidUserNameError.ts": {"path":"C:\\Users\\umama\\OneDrive\\Desktop\\Second Project\\PROTIMEAPP\\backend\\src\\domain\\errors\\InvalidUserNameError.ts","statementMap":{"0":{"start":{"line":1,"column":0},"end":{"line":1,"column":44}},"1":{"start":{"line":5,"column":4},"end":{"line":5,"column":59}},"2":{"start":{"line":3,"column":0},"end":{"line":3,"column":13}}},"fnMap":{"0":{"name":"(anonymous_0)","decl":{"start":{"line":4,"column":2},"end":{"line":4,"column":null}},"loc":{"start":{"line":4,"column":2},"end":{"line":6,"column":3}}}},"branchMap":{},"s":{"0":4,"1":2,"2":4},"f":{"0":2},"b":{}}
,"C:\\Users\\umama\\OneDrive\\Desktop\\Second Project\\PROTIMEAPP\\backend\\src\\domain\\errors\\OtpExpiredError.ts": {"path":"C:\\Users\\umama\\OneDrive\\Desktop\\Second Project\\PROTIMEAPP\\backend\\src\\domain\\errors\\OtpExpiredError.ts","statementMap":{"0":{"start":{"line":1,"column":0},"end":{"line":1,"column":44}},"1":{"start":{"line":5,"column":4},"end":{"line":5,"column":29}},"2":{"start":{"line":3,"column":0},"end":{"line":3,"column":13}}},"fnMap":{"0":{"name":"(anonymous_0)","decl":{"start":{"line":4,"column":2},"end":{"line":4,"column":null}},"loc":{"start":{"line":4,"column":2},"end":{"line":6,"column":3}}}},"branchMap":{},"s":{"0":3,"1":1,"2":3},"f":{"0":1},"b":{}}
,"C:\\Users\\umama\\OneDrive\\Desktop\\Second Project\\PROTIMEAPP\\backend\\src\\domain\\errors\\SamePasswordError.ts": {"path":"C:\\Users\\umama\\OneDrive\\Desktop\\Second Project\\PROTIMEAPP\\backend\\src\\domain\\errors\\SamePasswordError.ts","statementMap":{"0":{"start":{"line":1,"column":0},"end":{"line":1,"column":44}},"1":{"start":{"line":5,"column":4},"end":{"line":5,"column":60}},"2":{"start":{"line":3,"column":0},"end":{"line":3,"column":13}}},"fnMap":{"0":{"name":"(anonymous_0)","decl":{"start":{"line":4,"column":2},"end":{"line":4,"column":null}},"loc":{"start":{"line":4,"column":2},"end":{"line":6,"column":3}}}},"branchMap":{},"s":{"0":4,"1":1,"2":4},"f":{"0":1},"b":{}}
,"C:\\Users\\umama\\OneDrive\\Desktop\\Second Project\\PROTIMEAPP\\backend\\src\\domain\\errors\\UserAlreadyExistError.ts": {"path":"C:\\Users\\umama\\OneDrive\\Desktop\\Second Project\\PROTIMEAPP\\backend\\src\\domain\\errors\\UserAlreadyExistError.ts","statementMap":{"0":{"start":{"line":1,"column":0},"end":{"line":1,"column":44}},"1":{"start":{"line":5,"column":4},"end":{"line":5,"column":33}},"2":{"start":{"line":3,"column":0},"end":{"line":3,"column":13}}},"fnMap":{"0":{"name":"(anonymous_0)","decl":{"start":{"line":4,"column":2},"end":{"line":4,"column":null}},"loc":{"start":{"line":4,"column":2},"end":{"line":6,"column":3}}}},"branchMap":{},"s":{"0":1,"1":1,"2":1},"f":{"0":1},"b":{}}
,"C:\\Users\\umama\\OneDrive\\Desktop\\Second Project\\PROTIMEAPP\\backend\\src\\domain\\errors\\WeakPasswordError.ts": {"path":"C:\\Users\\umama\\OneDrive\\Desktop\\Second Project\\PROTIMEAPP\\backend\\src\\domain\\errors\\WeakPasswordError.ts","statementMap":{"0":{"start":{"line":1,"column":0},"end":{"line":1,"column":44}},"1":{"start":{"line":5,"column":4},"end":{"line":5,"column":87}},"2":{"start":{"line":3,"column":0},"end":{"line":3,"column":13}}},"fnMap":{"0":{"name":"(anonymous_0)","decl":{"start":{"line":4,"column":2},"end":{"line":4,"column":null}},"loc":{"start":{"line":4,"column":2},"end":{"line":6,"column":3}}}},"branchMap":{},"s":{"0":4,"1":0,"2":4},"f":{"0":0},"b":{}}
,"C:\\Users\\umama\\OneDrive\\Desktop\\Second Project\\PROTIMEAPP\\backend\\src\\domain\\events\\DomainEvent.ts": {"path":"C:\\Users\\umama\\OneDrive\\Desktop\\Second Project\\PROTIMEAPP\\backend\\src\\domain\\events\\DomainEvent.ts","statementMap":{"0":{"start":{"line":1,"column":0},"end":{"line":1,"column":36}},"1":{"start":{"line":8,"column":4},"end":{"line":8,"column":27}},"2":{"start":{"line":9,"column":4},"end":{"line":9,"column":33}},"3":{"start":{"line":15,"column":4},"end":{"line":15,"column":13}},"4":{"start":{"line":19,"column":4},"end":{"line":24,"column":6}},"5":{"start":{"line":3,"column":0},"end":{"line":3,"column":22}}},"fnMap":{"0":{"name":"(anonymous_0)","decl":{"start":{"line":7,"column":2},"end":{"line":7,"column":null}},"loc":{"start":{"line":7,"column":2},"end":{"line":10,"column":3}}},"1":{"name":"(anonymous_1)","decl":{"start":{"line":14,"column":2},"end":{"line":14,"column":12}},"loc":{"start":{"line":14,"column":12},"end":{"line":16,"column":3}}},"2":{"name":"(anonymous_2)","decl":{"start":{"line":18,"column":2},"end":{"line":18,"column":14}},"loc":{"start":{"line":18,"column":14},"end":{"line":25,"column":3}}}},"branchMap":{},"s":{"0":4,"1":6,"2":6,"3":0,"4":0,"5":4},"f":{"0":6,"1":0,"2":0},"b":{}}
,"C:\\Users\\umama\\OneDrive\\Desktop\\Second Project\\PROTIMEAPP\\backend\\src\\domain\\events\\OTPGeneratedEvent.ts": {"path":"C:\\Users\\umama\\OneDrive\\Desktop\\Second Project\\PROTIMEAPP\\backend\\src\\domain\\events\\OTPGeneratedEvent.ts","statementMap":{"0":{"start":{"line":1,"column":0},"end":{"line":1,"column":44}},"1":{"start":{"line":11,"column":4},"end":{"line":11,"column":12}},"2":{"start":{"line":6,"column":20},"end":{"line":6,"column":34}},"3":{"start":{"line":7,"column":20},"end":{"line":7,"column":36}},"4":{"start":{"line":8,"column":20},"end":{"line":8,"column":35}},"5":{"start":{"line":9,"column":20},"end":{"line":9,"column":39}},"6":{"start":{"line":12,"column":4},"end":{"line":12,"column":24}},"7":{"start":{"line":16,"column":4},"end":{"line":16,"column":31}},"8":{"start":{"line":20,"column":4},"end":{"line":25,"column":null}},"9":{"start":{"line":4,"column":0},"end":{"line":4,"column":13}}},"fnMap":{"0":{"name":"(anonymous_0)","decl":{"start":{"line":5,"column":2},"end":{"line":5,"column":null}},"loc":{"start":{"line":9,"column":39},"end":{"line":13,"column":3}}},"1":{"name":"(anonymous_1)","decl":{"start":{"line":15,"column":2},"end":{"line":15,"column":9}},"loc":{"start":{"line":15,"column":9},"end":{"line":17,"column":3}}},"2":{"name":"(anonymous_2)","decl":{"start":{"line":19,"column":2},"end":{"line":19,"column":14}},"loc":{"start":{"line":19,"column":14},"end":{"line":27,"column":3}}}},"branchMap":{},"s":{"0":4,"1":2,"2":2,"3":2,"4":2,"5":2,"6":2,"7":0,"8":0,"9":4},"f":{"0":2,"1":0,"2":0},"b":{}}
,"C:\\Users\\umama\\OneDrive\\Desktop\\Second Project\\PROTIMEAPP\\backend\\src\\domain\\events\\UserPasswordChangedEvent.ts": {"path":"C:\\Users\\umama\\OneDrive\\Desktop\\Second Project\\PROTIMEAPP\\backend\\src\\domain\\events\\UserPasswordChangedEvent.ts","statementMap":{"0":{"start":{"line":1,"column":0},"end":{"line":1,"column":44}},"1":{"start":{"line":8,"column":4},"end":{"line":8,"column":12}},"2":{"start":{"line":5,"column":20},"end":{"line":5,"column":34}},"3":{"start":{"line":6,"column":20},"end":{"line":6,"column":42}},"4":{"start":{"line":9,"column":4},"end":{"line":9,"column":24}},"5":{"start":{"line":13,"column":4},"end":{"line":13,"column":38}},"6":{"start":{"line":17,"column":4},"end":{"line":20,"column":null}},"7":{"start":{"line":3,"column":0},"end":{"line":3,"column":13}}},"fnMap":{"0":{"name":"(anonymous_0)","decl":{"start":{"line":4,"column":2},"end":{"line":4,"column":null}},"loc":{"start":{"line":6,"column":42},"end":{"line":10,"column":3}}},"1":{"name":"(anonymous_1)","decl":{"start":{"line":12,"column":2},"end":{"line":12,"column":9}},"loc":{"start":{"line":12,"column":9},"end":{"line":14,"column":3}}},"2":{"name":"(anonymous_2)","decl":{"start":{"line":16,"column":2},"end":{"line":16,"column":14}},"loc":{"start":{"line":16,"column":14},"end":{"line":22,"column":3}}}},"branchMap":{},"s":{"0":4,"1":1,"2":1,"3":1,"4":1,"5":0,"6":0,"7":4},"f":{"0":1,"1":0,"2":0},"b":{}}
,"C:\\Users\\umama\\OneDrive\\Desktop\\Second Project\\PROTIMEAPP\\backend\\src\\domain\\events\\UserVerifiedEvent.ts": {"path":"C:\\Users\\umama\\OneDrive\\Desktop\\Second Project\\PROTIMEAPP\\backend\\src\\domain\\events\\UserVerifiedEvent.ts","statementMap":{"0":{"start":{"line":1,"column":0},"end":{"line":1,"column":44}},"1":{"start":{"line":8,"column":4},"end":{"line":8,"column":12}},"2":{"start":{"line":5,"column":20},"end":{"line":5,"column":34}},"3":{"start":{"line":6,"column":20},"end":{"line":6,"column":33}},"4":{"start":{"line":9,"column":4},"end":{"line":9,"column":24}},"5":{"start":{"line":13,"column":4},"end":{"line":13,"column":31}},"6":{"start":{"line":17,"column":4},"end":{"line":20,"column":null}},"7":{"start":{"line":3,"column":0},"end":{"line":3,"column":13}}},"fnMap":{"0":{"name":"(anonymous_1)","decl":{"start":{"line":12,"column":2},"end":{"line":12,"column":9}},"loc":{"start":{"line":12,"column":9},"end":{"line":14,"column":3}}},"1":{"name":"(anonymous_2)","decl":{"start":{"line":16,"column":2},"end":{"line":16,"column":14}},"loc":{"start":{"line":16,"column":14},"end":{"line":22,"column":3}}}},"branchMap":{},"s":{"0":4,"1":3,"2":3,"3":3,"4":3,"5":0,"6":0,"7":4},"f":{"0":0,"1":0},"b":{}}
,"C:\\Users\\umama\\OneDrive\\Desktop\\Second Project\\PROTIMEAPP\\backend\\src\\domain\\value-objects\\Email.ts": {"path":"C:\\Users\\umama\\OneDrive\\Desktop\\Second Project\\PROTIMEAPP\\backend\\src\\domain\\value-objects\\Email.ts","statementMap":{"0":{"start":{"line":1,"column":0},"end":{"line":1,"column":64}},"1":{"start":{"line":4,"column":39},"end":{"line":4,"column":53}},"2":{"start":{"line":5,"column":5},"end":{"line":5,"column":25}},"3":{"start":{"line":9,"column":4},"end":{"line":11,"column":5}},"4":{"start":{"line":10,"column":6},"end":{"line":10,"column":36}},"5":{"start":{"line":12,"column":4},"end":{"line":12,"column":28}},"6":{"start":{"line":17,"column":23},"end":{"line":17,"column":51}},"7":{"start":{"line":18,"column":4},"end":{"line":18,"column":34}},"8":{"start":{"line":23,"column":4},"end":{"line":23,"column":23}},"9":{"start":{"line":27,"column":4},"end":{"line":27,"column":29}},"10":{"start":{"line":27,"column":16},"end":{"line":27,"column":29}},"11":{"start":{"line":28,"column":4},"end":{"line":28,"column":40}},"12":{"start":{"line":3,"column":0},"end":{"line":3,"column":13}}},"fnMap":{"0":{"name":"(anonymous_0)","decl":{"start":{"line":4,"column":2},"end":{"line":4,"column":39}},"loc":{"start":{"line":4,"column":53},"end":{"line":6,"column":3}}},"1":{"name":"(anonymous_1)","decl":{"start":{"line":8,"column":2},"end":{"line":8,"column":8}},"loc":{"start":{"line":8,"column":29},"end":{"line":13,"column":3}}},"2":{"name":"(anonymous_2)","decl":{"start":{"line":16,"column":10},"end":{"line":16,"column":16}},"loc":{"start":{"line":16,"column":38},"end":{"line":19,"column":3}}},"3":{"name":"(anonymous_3)","decl":{"start":{"line":22,"column":2},"end":{"line":22,"column":6}},"loc":{"start":{"line":22,"column":11},"end":{"line":24,"column":3}}},"4":{"name":"(anonymous_4)","decl":{"start":{"line":26,"column":2},"end":{"line":26,"column":8}},"loc":{"start":{"line":26,"column":21},"end":{"line":29,"column":3}}}},"branchMap":{"0":{"loc":{"start":{"line":9,"column":4},"end":{"line":11,"column":5}},"type":"if","locations":[{"start":{"line":9,"column":4},"end":{"line":11,"column":5}},{"start":{},"end":{}}]},"1":{"loc":{"start":{"line":27,"column":4},"end":{"line":27,"column":29}},"type":"if","locations":[{"start":{"line":27,"column":4},"end":{"line":27,"column":29}},{"start":{},"end":{}}]}},"s":{"0":4,"1":15,"2":15,"3":15,"4":0,"5":15,"6":15,"7":15,"8":13,"9":0,"10":0,"11":0,"12":4},"f":{"0":15,"1":15,"2":15,"3":13,"4":0},"b":{"0":[0,15],"1":[0,0]}}
,"C:\\Users\\umama\\OneDrive\\Desktop\\Second Project\\PROTIMEAPP\\backend\\src\\domain\\value-objects\\OTP.ts": {"path":"C:\\Users\\umama\\OneDrive\\Desktop\\Second Project\\PROTIMEAPP\\backend\\src\\domain\\value-objects\\OTP.ts","statementMap":{"0":{"start":{"line":1,"column":0},"end":{"line":1,"column":60}},"1":{"start":{"line":3,"column":0},"end":{"line":3,"column":60}},"2":{"start":{"line":7,"column":21},"end":{"line":7,"column":34}},"3":{"start":{"line":8,"column":21},"end":{"line":8,"column":37}},"4":{"start":{"line":9,"column":21},"end":{"line":9,"column":41}},"5":{"start":{"line":11,"column":4},"end":{"line":11,"column":24}},"6":{"start":{"line":15,"column":4},"end":{"line":15,"column":57}},"7":{"start":{"line":15,"column":29},"end":{"line":15,"column":57}},"8":{"start":{"line":16,"column":4},"end":{"line":16,"column":63}},"9":{"start":{"line":16,"column":35},"end":{"line":16,"column":63}},"10":{"start":{"line":17,"column":4},"end":{"line":17,"column":45}},"11":{"start":{"line":21,"column":4},"end":{"line":21,"column":35}},"12":{"start":{"line":25,"column":4},"end":{"line":25,"column":44}},"13":{"start":{"line":29,"column":4},"end":{"line":29,"column":22}},"14":{"start":{"line":33,"column":4},"end":{"line":33,"column":27}},"15":{"start":{"line":37,"column":4},"end":{"line":37,"column":25}},"16":{"start":{"line":41,"column":4},"end":{"line":41,"column":29}},"17":{"start":{"line":41,"column":16},"end":{"line":41,"column":29}},"18":{"start":{"line":42,"column":4},"end":{"line":46,"column":6}},"19":{"start":{"line":49,"column":4},"end":{"line":49,"column":50}},"20":{"start":{"line":5,"column":0},"end":{"line":5,"column":13}}},"fnMap":{"0":{"name":"(anonymous_0)","decl":{"start":{"line":6,"column":2},"end":{"line":6,"column":null}},"loc":{"start":{"line":9,"column":41},"end":{"line":12,"column":3}}},"1":{"name":"(anonymous_1)","decl":{"start":{"line":14,"column":2},"end":{"line":14,"column":8}},"loc":{"start":{"line":14,"column":66},"end":{"line":18,"column":3}}},"2":{"name":"(anonymous_2)","decl":{"start":{"line":20,"column":10},"end":{"line":20,"column":16}},"loc":{"start":{"line":20,"column":37},"end":{"line":22,"column":3}}},"3":{"name":"(anonymous_3)","decl":{"start":{"line":24,"column":10},"end":{"line":24,"column":16}},"loc":{"start":{"line":24,"column":42},"end":{"line":26,"column":3}}},"4":{"name":"(anonymous_4)","decl":{"start":{"line":28,"column":2},"end":{"line":28,"column":6}},"loc":{"start":{"line":28,"column":11},"end":{"line":30,"column":3}}},"5":{"name":"(anonymous_5)","decl":{"start":{"line":32,"column":0},"end":{"line":32,"column":4}},"loc":{"start":{"line":32,"column":13},"end":{"line":34,"column":3}}},"6":{"name":"(anonymous_6)","decl":{"start":{"line":36,"column":2},"end":{"line":36,"column":6}},"loc":{"start":{"line":36,"column":13},"end":{"line":38,"column":3}}},"7":{"name":"(anonymous_7)","decl":{"start":{"line":40,"column":2},"end":{"line":40,"column":8}},"loc":{"start":{"line":40,"column":19},"end":{"line":47,"column":3}}},"8":{"name":"(anonymous_8)","decl":{"start":{"line":48,"column":2},"end":{"line":48,"column":20}},"loc":{"start":{"line":48,"column":20},"end":{"line":50,"column":3}}}},"branchMap":{"0":{"loc":{"start":{"line":15,"column":4},"end":{"line":15,"column":57}},"type":"if","locations":[{"start":{"line":15,"column":4},"end":{"line":15,"column":57}},{"start":{},"end":{}}]},"1":{"loc":{"start":{"line":16,"column":4},"end":{"line":16,"column":63}},"type":"if","locations":[{"start":{"line":16,"column":4},"end":{"line":16,"column":63}},{"start":{},"end":{}}]},"2":{"loc":{"start":{"line":41,"column":4},"end":{"line":41,"column":29}},"type":"if","locations":[{"start":{"line":41,"column":4},"end":{"line":41,"column":29}},{"start":{},"end":{}}]},"3":{"loc":{"start":{"line":43,"column":6},"end":{"line":45,"column":62}},"type":"binary-expr","locations":[{"start":{"line":43,"column":6},"end":{"line":43,"column":32}},{"start":{"line":44,"column":6},"end":{"line":44,"column":38}},{"start":{"line":45,"column":6},"end":{"line":45,"column":62}}]}},"s":{"0":2,"1":2,"2":2,"3":2,"4":2,"5":2,"6":2,"7":0,"8":2,"9":0,"10":2,"11":2,"12":2,"13":4,"14":2,"15":2,"16":0,"17":0,"18":0,"19":0,"20":2},"f":{"0":2,"1":2,"2":2,"3":2,"4":4,"5":2,"6":2,"7":0,"8":0},"b":{"0":[0,2],"1":[0,2],"2":[0,0],"3":[0,0,0]}}
,"C:\\Users\\umama\\OneDrive\\Desktop\\Second Project\\PROTIMEAPP\\backend\\src\\domain\\value-objects\\Password.ts": {"path":"C:\\Users\\umama\\OneDrive\\Desktop\\Second Project\\PROTIMEAPP\\backend\\src\\domain\\value-objects\\Password.ts","statementMap":{"0":{"start":{"line":1,"column":0},"end":{"line":1,"column":76}},"1":{"start":{"line":2,"column":0},"end":{"line":2,"column":64}},"2":{"start":{"line":5,"column":39},"end":{"line":5,"column":52}},"3":{"start":{"line":6,"column":4},"end":{"line":6,"column":24}},"4":{"start":{"line":15,"column":4},"end":{"line":17,"column":5}},"5":{"start":{"line":16,"column":6},"end":{"line":16,"column":36}},"6":{"start":{"line":20,"column":4},"end":{"line":20,"column":39}},"7":{"start":{"line":28,"column":4},"end":{"line":30,"column":5}},"8":{"start":{"line":29,"column":6},"end":{"line":29,"column":42}},"9":{"start":{"line":31,"column":4},"end":{"line":31,"column":30}},"10":{"start":{"line":44,"column":6},"end":{"line":44,"column":76}},"11":{"start":{"line":45,"column":4},"end":{"line":45,"column":40}},"12":{"start":{"line":54,"column":4},"end":{"line":54,"column":55}},"13":{"start":{"line":58,"column":4},"end":{"line":58,"column":22}},"14":{"start":{"line":62,"column":4},"end":{"line":62,"column":29}},"15":{"start":{"line":62,"column":16},"end":{"line":62,"column":29}},"16":{"start":{"line":63,"column":4},"end":{"line":63,"column":38}},"17":{"start":{"line":4,"column":0},"end":{"line":4,"column":13}}},"fnMap":{"0":{"name":"(anonymous_0)","decl":{"start":{"line":5,"column":2},"end":{"line":5,"column":39}},"loc":{"start":{"line":5,"column":52},"end":{"line":7,"column":3}}},"1":{"name":"(anonymous_1)","decl":{"start":{"line":14,"column":2},"end":{"line":14,"column":8}},"loc":{"start":{"line":14,"column":37},"end":{"line":21,"column":3}}},"2":{"name":"(anonymous_2)","decl":{"start":{"line":27,"column":2},"end":{"line":27,"column":8}},"loc":{"start":{"line":27,"column":30},"end":{"line":32,"column":3}}},"3":{"name":"(anonymous_3)","decl":{"start":{"line":42,"column":10},"end":{"line":42,"column":16}},"loc":{"start":{"line":42,"column":41},"end":{"line":46,"column":3}}},"4":{"name":"(anonymous_4)","decl":{"start":{"line":52,"column":2},"end":{"line":52,"column":10}},"loc":{"start":{"line":52,"column":10},"end":{"line":55,"column":3}}},"5":{"name":"(anonymous_5)","decl":{"start":{"line":57,"column":2},"end":{"line":57,"column":6}},"loc":{"start":{"line":57,"column":10},"end":{"line":59,"column":3}}},"6":{"name":"(anonymous_6)","decl":{"start":{"line":61,"column":2},"end":{"line":61,"column":8}},"loc":{"start":{"line":61,"column":24},"end":{"line":64,"column":3}}}},"branchMap":{"0":{"loc":{"start":{"line":15,"column":4},"end":{"line":17,"column":5}},"type":"if","locations":[{"start":{"line":15,"column":4},"end":{"line":17,"column":5}},{"start":{},"end":{}}]},"1":{"loc":{"start":{"line":28,"column":4},"end":{"line":30,"column":5}},"type":"if","locations":[{"start":{"line":28,"column":4},"end":{"line":30,"column":5}},{"start":{},"end":{}}]},"2":{"loc":{"start":{"line":28,"column":8},"end":{"line":28,"column":61}},"type":"binary-expr","locations":[{"start":{"line":28,"column":8},"end":{"line":28,"column":13}},{"start":{"line":28,"column":17},"end":{"line":28,"column":41}},{"start":{"line":28,"column":45},"end":{"line":28,"column":61}}]},"3":{"loc":{"start":{"line":62,"column":4},"end":{"line":62,"column":29}},"type":"if","locations":[{"start":{"line":62,"column":4},"end":{"line":62,"column":29}},{"start":{},"end":{}}]}},"s":{"0":4,"1":4,"2":8,"3":8,"4":0,"5":0,"6":0,"7":8,"8":0,"9":8,"10":0,"11":0,"12":0,"13":6,"14":2,"15":0,"16":2,"17":4},"f":{"0":8,"1":0,"2":8,"3":0,"4":0,"5":6,"6":2},"b":{"0":[0,0],"1":[0,8],"2":[8,8,8],"3":[0,2]}}
,"C:\\Users\\umama\\OneDrive\\Desktop\\Second Project\\PROTIMEAPP\\backend\\src\\domain\\value-objects\\UserId.ts": {"path":"C:\\Users\\umama\\OneDrive\\Desktop\\Second Project\\PROTIMEAPP\\backend\\src\\domain\\value-objects\\UserId.ts","statementMap":{"0":{"start":{"line":1,"column":0},"end":{"line":1,"column":36}},"1":{"start":{"line":4,"column":39},"end":{"line":4,"column":53}},"2":{"start":{"line":5,"column":4},"end":{"line":5,"column":24}},"3":{"start":{"line":11,"column":4},"end":{"line":11,"column":42}},"4":{"start":{"line":15,"column":4},"end":{"line":15,"column":23}},"5":{"start":{"line":3,"column":0},"end":{"line":3,"column":13}}},"fnMap":{"0":{"name":"(anonymous_0)","decl":{"start":{"line":4,"column":2},"end":{"line":4,"column":39}},"loc":{"start":{"line":4,"column":53},"end":{"line":6,"column":3}}},"1":{"name":"(anonymous_1)","decl":{"start":{"line":8,"column":2},"end":{"line":8,"column":8}},"loc":{"start":{"line":8,"column":27},"end":{"line":12,"column":3}}},"2":{"name":"(anonymous_2)","decl":{"start":{"line":14,"column":2},"end":{"line":14,"column":6}},"loc":{"start":{"line":14,"column":11},"end":{"line":16,"column":3}}}},"branchMap":{"0":{"loc":{"start":{"line":11,"column":22},"end":{"line":11,"column":40}},"type":"cond-expr","locations":[{"start":{"line":11,"column":22},"end":{"line":11,"column":24}},{"start":{"line":11,"column":28},"end":{"line":11,"column":40}}]},"1":{"loc":{"start":{"line":11,"column":22},"end":{"line":11,"column":28}},"type":"binary-expr","locations":[{"start":{"line":11,"column":22},"end":{"line":11,"column":28}},{"start":{"line":11,"column":22},"end":{"line":11,"column":28}}]}},"s":{"0":4,"1":9,"2":9,"3":9,"4":12,"5":4},"f":{"0":9,"1":9,"2":12},"b":{"0":[5,4],"1":[9,9]}}
,"C:\\Users\\umama\\OneDrive\\Desktop\\Second Project\\PROTIMEAPP\\backend\\src\\tests\\utils\\createMock.ts": {"path":"C:\\Users\\umama\\OneDrive\\Desktop\\Second Project\\PROTIMEAPP\\backend\\src\\tests\\utils\\createMock.ts","statementMap":{"0":{"start":{"line":7,"column":0},"end":{"line":7,"column":16}},"1":{"start":{"line":8,"column":14},"end":{"line":8,"column":45}},"2":{"start":{"line":10,"column":16},"end":{"line":22,"column":null}},"3":{"start":{"line":14,"column":8},"end":{"line":14,"column":48}},"4":{"start":{"line":14,"column":27},"end":{"line":14,"column":48}},"5":{"start":{"line":16,"column":19},"end":{"line":16,"column":28}},"6":{"start":{"line":17,"column":8},"end":{"line":17,"column":26}},"7":{"start":{"line":18,"column":8},"end":{"line":18,"column":18}},"8":{"start":{"line":21,"column":37},"end":{"line":21,"column":50}},"9":{"start":{"line":25,"column":2},"end":{"line":25,"column":44}}},"fnMap":{"0":{"name":"createMock","decl":{"start":{"line":7,"column":16},"end":{"line":7,"column":26}},"loc":{"start":{"line":7,"column":26},"end":{"line":26,"column":1}}},"1":{"name":"(anonymous_1)","decl":{"start":{"line":13,"column":11},"end":{"line":13,"column":12}},"loc":{"start":{"line":13,"column":36},"end":{"line":19,"column":7}}},"2":{"name":"(anonymous_2)","decl":{"start":{"line":21,"column":11},"end":{"line":21,"column":12}},"loc":{"start":{"line":21,"column":37},"end":{"line":21,"column":50}}}},"branchMap":{"0":{"loc":{"start":{"line":14,"column":8},"end":{"line":14,"column":48}},"type":"if","locations":[{"start":{"line":14,"column":8},"end":{"line":14,"column":48}},{"start":{},"end":{}}]}},"s":{"0":3,"1":59,"2":59,"3":113,"4":58,"5":55,"6":55,"7":55,"8":0,"9":59},"f":{"0":59,"1":113,"2":0},"b":{"0":[58,55]}}
}
