TN:
SF:src\application\constants\ResponseMessages.ts
FN:1,(anonymous_0)
FNF:1
FNH:1
FNDA:3,(anonymous_0)
DA:1,3
DA:3,3
DA:4,3
DA:5,3
DA:6,3
DA:7,3
DA:9,3
DA:10,3
DA:11,3
DA:12,3
DA:15,3
DA:16,3
DA:17,3
DA:20,3
DA:21,3
DA:22,3
DA:23,3
DA:26,3
DA:27,3
DA:28,3
DA:29,3
DA:30,3
DA:31,3
DA:32,3
DA:33,3
DA:34,3
DA:37,3
DA:40,3
DA:41,3
DA:42,3
LF:30
LH:30
BRDA:1,0,0,3
BRDA:1,0,1,3
BRF:2
BRH:2
end_of_record
TN:
SF:src\application\constants\TimeConstants.ts
FNF:0
FNH:0
DA:1,1
LF:1
LH:1
BRF:0
BRH:0
end_of_record
TN:
SF:src\application\use-cases\user\LoginUserUseCase.ts
FN:13,(anonymous_7)
FN:20,(anonymous_8)
FNF:2
FNH:2
FNDA:5,(anonymous_7)
FNDA:5,(anonymous_8)
DA:6,1
DA:7,1
DA:8,1
DA:10,1
DA:12,1
DA:14,5
DA:15,5
DA:16,5
DA:17,5
DA:21,5
DA:22,5
DA:24,5
DA:25,1
DA:26,1
DA:29,4
DA:30,1
DA:31,1
DA:35,3
DA:36,0
DA:37,0
DA:40,3
DA:45,3
DA:46,1
DA:47,1
DA:50,2
DA:57,2
DA:58,2
DA:60,2
DA:61,1
DA:62,1
DA:64,1
DA:65,1
DA:66,1
DA:68,0
DA:69,0
DA:70,0
DA:73,1
DA:74,1
DA:77,2
DA:88,2
DA:90,2
LF:41
LH:36
BRDA:24,0,0,1
BRDA:24,0,1,4
BRDA:29,1,0,1
BRDA:29,1,1,3
BRDA:35,2,0,0
BRDA:35,2,1,3
BRDA:45,3,0,1
BRDA:45,3,1,2
BRDA:60,4,0,1
BRDA:60,4,1,1
BRDA:60,5,0,2
BRDA:60,5,1,1
BRDA:64,6,0,1
BRDA:64,6,1,0
BRDA:64,7,0,1
BRDA:64,7,1,1
BRF:16
BRH:14
end_of_record
TN:
SF:src\application\use-cases\user\RegisterUserUseCase.ts
FN:22,(anonymous_7)
FN:32,(anonymous_8)
FNF:2
FNH:2
FNDA:3,(anonymous_7)
FNDA:3,(anonymous_8)
DA:9,1
DA:10,1
DA:11,1
DA:12,1
DA:13,1
DA:14,1
DA:15,1
DA:17,1
DA:19,1
DA:21,1
DA:23,3
DA:24,3
DA:25,3
DA:26,3
DA:27,3
DA:28,3
DA:29,3
DA:33,3
DA:35,3
DA:36,3
DA:37,1
DA:38,1
DA:41,2
DA:42,1
DA:43,1
DA:49,1
DA:50,1
DA:51,1
DA:52,1
DA:53,1
DA:58,1
DA:59,1
DA:60,1
DA:62,1
DA:64,1
DA:68,1
DA:69,1
DA:70,1
DA:72,1
DA:73,1
DA:78,1
DA:81,1
DA:94,1
DA:95,1
DA:96,1
DA:97,1
DA:98,1
LF:47
LH:47
BRDA:36,0,0,1
BRDA:36,0,1,2
BRDA:41,1,0,1
BRDA:41,1,1,1
BRF:4
BRH:4
end_of_record
TN:
SF:src\application\use-cases\user\VerifyOtpUseCase.ts
FN:23,(anonymous_7)
FN:32,(anonymous_8)
FNF:2
FNH:2
FNDA:3,(anonymous_7)
FNDA:3,(anonymous_8)
DA:5,1
DA:10,1
DA:11,1
DA:14,1
DA:16,1
DA:17,1
DA:18,1
DA:19,1
DA:22,1
DA:24,3
DA:25,3
DA:26,3
DA:27,3
DA:28,3
DA:29,3
DA:33,3
DA:34,3
DA:37,3
DA:38,1
DA:39,1
DA:42,2
DA:48,2
DA:49,1
DA:50,1
DA:53,1
DA:55,1
DA:56,1
DA:59,1
DA:60,1
DA:68,1
DA:69,1
DA:72,1
DA:73,1
DA:74,1
DA:87,1
DA:89,1
DA:90,1
DA:91,1
LF:38
LH:38
BRDA:37,0,0,1
BRDA:37,0,1,2
BRDA:48,1,0,1
BRDA:48,1,1,1
BRF:4
BRH:4
end_of_record
TN:
SF:src\domain\entities\BaseEntity.ts
FN:10,(anonymous_0)
FN:16,(anonymous_1)
FN:20,(anonymous_2)
FN:24,(anonymous_3)
FN:25,(anonymous_4)
FN:27,(anonymous_5)
FN:31,(anonymous_6)
FN:35,(anonymous_7)
FNF:8
FNH:7
FNDA:14,(anonymous_0)
FNDA:6,(anonymous_1)
FNDA:2,(anonymous_2)
FNDA:0,(anonymous_3)
FNDA:4,(anonymous_4)
FNDA:6,(anonymous_5)
FNDA:8,(anonymous_6)
FNDA:4,(anonymous_7)
DA:4,4
DA:8,14
DA:11,14
DA:12,14
DA:13,14
DA:17,6
DA:21,2
DA:24,0
DA:25,4
DA:28,6
DA:32,8
DA:36,4
LF:12
LH:11
BRDA:12,0,0,0
BRDA:12,0,1,14
BRDA:12,1,0,14
BRDA:12,1,1,14
BRDA:13,2,0,0
BRDA:13,2,1,14
BRDA:13,3,0,14
BRDA:13,3,1,14
BRF:8
BRH:6
end_of_record
TN:
SF:src\domain\entities\User.ts
FN:24,(anonymous_0)
FN:45,(anonymous_1)
FN:46,(anonymous_2)
FN:47,(anonymous_3)
FN:48,(anonymous_4)
FN:49,(anonymous_5)
FN:50,(anonymous_6)
FN:53,(anonymous_7)
FN:63,(anonymous_8)
FN:76,(anonymous_9)
FN:92,(anonymous_10)
FN:101,(anonymous_11)
FN:118,(anonymous_12)
FN:122,(anonymous_13)
FN:131,(anonymous_14)
FN:140,(anonymous_15)
FN:156,(anonymous_16)
FN:166,(anonymous_17)
FNF:18
FNH:17
FNDA:14,(anonymous_0)
FNDA:5,(anonymous_1)
FNDA:7,(anonymous_2)
FNDA:4,(anonymous_3)
FNDA:5,(anonymous_4)
FNDA:7,(anonymous_5)
FNDA:4,(anonymous_6)
FNDA:3,(anonymous_7)
FNDA:0,(anonymous_8)
FNDA:12,(anonymous_9)
FNDA:9,(anonymous_10)
FNDA:4,(anonymous_11)
FNDA:4,(anonymous_12)
FNDA:2,(anonymous_13)
FNDA:2,(anonymous_14)
FNDA:2,(anonymous_15)
FNDA:4,(anonymous_16)
FNDA:1,(anonymous_17)
DA:1,4
DA:4,4
DA:6,4
DA:7,4
DA:8,4
DA:10,4
DA:11,4
DA:12,4
DA:13,4
DA:16,4
DA:35,14
DA:36,14
DA:37,14
DA:38,14
DA:39,14
DA:40,14
DA:41,14
DA:45,5
DA:46,7
DA:47,4
DA:48,5
DA:49,7
DA:50,4
DA:54,3
DA:55,3
DA:56,3
DA:57,3
DA:58,3
DA:64,0
DA:65,0
DA:66,0
DA:73,4
DA:88,12
DA:89,12
DA:93,9
DA:94,1
DA:97,8
DA:113,4
DA:119,4
DA:123,2
DA:124,1
DA:126,1
DA:127,1
DA:128,1
DA:132,2
DA:137,4
DA:152,2
DA:153,2
DA:157,4
DA:158,1
DA:160,3
DA:161,1
DA:163,2
DA:167,1
LF:54
LH:51
BRDA:54,0,0,3
BRDA:54,0,1,0
BRDA:64,1,0,0
BRDA:64,1,1,0
BRDA:81,2,0,8
BRDA:82,3,0,8
BRDA:83,4,0,8
BRDA:84,5,0,8
BRDA:93,6,0,1
BRDA:93,6,1,8
BRDA:93,7,0,9
BRDA:93,7,1,8
BRDA:123,8,0,1
BRDA:123,8,1,1
BRDA:145,9,0,2
BRDA:146,10,0,2
BRDA:147,11,0,2
BRDA:148,12,0,2
BRDA:157,13,0,1
BRDA:157,13,1,3
BRDA:157,14,0,4
BRDA:157,14,1,3
BRDA:160,15,0,1
BRDA:160,15,1,2
BRF:24
BRH:21
end_of_record
TN:
SF:src\domain\enums\UserEnums.ts
FN:1,(anonymous_0)
FN:7,(anonymous_1)
FN:12,(anonymous_2)
FN:15,(anonymous_3)
FNF:4
FNH:4
FNDA:4,(anonymous_0)
FNDA:4,(anonymous_1)
FNDA:4,(anonymous_2)
FNDA:4,(anonymous_3)
DA:1,4
DA:2,4
DA:3,4
DA:4,4
DA:7,4
DA:8,4
DA:9,4
DA:12,4
DA:13,4
DA:15,4
DA:16,4
DA:17,4
LF:12
LH:12
BRDA:1,0,0,4
BRDA:1,0,1,4
BRDA:7,1,0,4
BRDA:7,1,1,4
BRDA:12,2,0,4
BRDA:12,2,1,4
BRDA:15,3,0,4
BRDA:15,3,1,4
BRF:8
BRH:8
end_of_record
TN:
SF:src\domain\errors\DomainError.ts
FN:2,(anonymous_0)
FNF:1
FNH:1
FNDA:10,(anonymous_0)
DA:1,4
DA:3,10
DA:4,10
LF:3
LH:3
BRF:0
BRH:0
end_of_record
TN:
SF:src\domain\errors\GoogleIdError.ts
FN:4,(anonymous_0)
FNF:1
FNH:1
FNDA:1,(anonymous_0)
DA:1,4
DA:3,4
DA:5,1
LF:3
LH:3
BRF:0
BRH:0
end_of_record
TN:
SF:src\domain\errors\InvalidCredentialsError.ts
FN:4,(anonymous_0)
FNF:1
FNH:1
FNDA:3,(anonymous_0)
DA:1,4
DA:3,4
DA:5,3
LF:3
LH:3
BRF:0
BRH:0
end_of_record
TN:
SF:src\domain\errors\InvalidEmailError.ts
FN:4,(anonymous_0)
FNF:1
FNH:0
FNDA:0,(anonymous_0)
DA:1,4
DA:3,4
DA:5,0
LF:3
LH:2
BRF:0
BRH:0
end_of_record
TN:
SF:src\domain\errors\InvalidOTPError.ts
FN:4,(anonymous_0)
FNF:1
FNH:1
FNDA:1,(anonymous_0)
DA:1,3
DA:3,3
DA:5,1
LF:3
LH:3
BRF:0
BRH:0
end_of_record
TN:
SF:src\domain\errors\InvalidUserNameError.ts
FN:4,(anonymous_0)
FNF:1
FNH:1
FNDA:2,(anonymous_0)
DA:1,4
DA:3,4
DA:5,2
LF:3
LH:3
BRF:0
BRH:0
end_of_record
TN:
SF:src\domain\errors\OtpExpiredError.ts
FN:4,(anonymous_0)
FNF:1
FNH:1
FNDA:1,(anonymous_0)
DA:1,3
DA:3,3
DA:5,1
LF:3
LH:3
BRF:0
BRH:0
end_of_record
TN:
SF:src\domain\errors\SamePasswordError.ts
FN:4,(anonymous_0)
FNF:1
FNH:1
FNDA:1,(anonymous_0)
DA:1,4
DA:3,4
DA:5,1
LF:3
LH:3
BRF:0
BRH:0
end_of_record
TN:
SF:src\domain\errors\UserAlreadyExistError.ts
FN:4,(anonymous_0)
FNF:1
FNH:1
FNDA:1,(anonymous_0)
DA:1,1
DA:3,1
DA:5,1
LF:3
LH:3
BRF:0
BRH:0
end_of_record
TN:
SF:src\domain\errors\WeakPasswordError.ts
FN:4,(anonymous_0)
FNF:1
FNH:0
FNDA:0,(anonymous_0)
DA:1,4
DA:3,4
DA:5,0
LF:3
LH:2
BRF:0
BRH:0
end_of_record
TN:
SF:src\domain\events\DomainEvent.ts
FN:7,(anonymous_0)
FN:14,(anonymous_1)
FN:18,(anonymous_2)
FNF:3
FNH:1
FNDA:6,(anonymous_0)
FNDA:0,(anonymous_1)
FNDA:0,(anonymous_2)
DA:1,4
DA:3,4
DA:8,6
DA:9,6
DA:15,0
DA:19,0
LF:6
LH:4
BRF:0
BRH:0
end_of_record
TN:
SF:src\domain\events\OTPGeneratedEvent.ts
FN:5,(anonymous_0)
FN:15,(anonymous_1)
FN:19,(anonymous_2)
FNF:3
FNH:1
FNDA:2,(anonymous_0)
FNDA:0,(anonymous_1)
FNDA:0,(anonymous_2)
DA:1,4
DA:4,4
DA:6,2
DA:7,2
DA:8,2
DA:9,2
DA:11,2
DA:12,2
DA:16,0
DA:20,0
LF:10
LH:8
BRF:0
BRH:0
end_of_record
TN:
SF:src\domain\events\UserPasswordChangedEvent.ts
FN:4,(anonymous_0)
FN:12,(anonymous_1)
FN:16,(anonymous_2)
FNF:3
FNH:1
FNDA:1,(anonymous_0)
FNDA:0,(anonymous_1)
FNDA:0,(anonymous_2)
DA:1,4
DA:3,4
DA:5,1
DA:6,1
DA:8,1
DA:9,1
DA:13,0
DA:17,0
LF:8
LH:6
BRF:0
BRH:0
end_of_record
TN:
SF:src\domain\events\UserVerifiedEvent.ts
FN:12,(anonymous_1)
FN:16,(anonymous_2)
FNF:2
FNH:0
FNDA:0,(anonymous_1)
FNDA:0,(anonymous_2)
DA:1,4
DA:3,4
DA:5,3
DA:6,3
DA:8,3
DA:9,3
DA:13,0
DA:17,0
LF:8
LH:6
BRF:0
BRH:0
end_of_record
TN:
SF:src\domain\value-objects\Email.ts
FN:4,(anonymous_0)
FN:8,(anonymous_1)
FN:16,(anonymous_2)
FN:22,(anonymous_3)
FN:26,(anonymous_4)
FNF:5
FNH:4
FNDA:15,(anonymous_0)
FNDA:15,(anonymous_1)
FNDA:15,(anonymous_2)
FNDA:13,(anonymous_3)
FNDA:0,(anonymous_4)
DA:1,4
DA:3,4
DA:4,15
DA:5,15
DA:9,15
DA:10,0
DA:12,15
DA:17,15
DA:18,15
DA:23,13
DA:27,0
DA:28,0
LF:12
LH:9
BRDA:9,0,0,0
BRDA:9,0,1,15
BRDA:27,1,0,0
BRDA:27,1,1,0
BRF:4
BRH:1
end_of_record
TN:
SF:src\domain\value-objects\OTP.ts
FN:6,(anonymous_0)
FN:14,(anonymous_1)
FN:20,(anonymous_2)
FN:24,(anonymous_3)
FN:28,(anonymous_4)
FN:32,(anonymous_5)
FN:36,(anonymous_6)
FN:40,(anonymous_7)
FN:48,(anonymous_8)
FNF:9
FNH:7
FNDA:2,(anonymous_0)
FNDA:2,(anonymous_1)
FNDA:2,(anonymous_2)
FNDA:2,(anonymous_3)
FNDA:4,(anonymous_4)
FNDA:2,(anonymous_5)
FNDA:2,(anonymous_6)
FNDA:0,(anonymous_7)
FNDA:0,(anonymous_8)
DA:1,2
DA:3,2
DA:5,2
DA:7,2
DA:8,2
DA:9,2
DA:11,2
DA:15,2
DA:16,2
DA:17,2
DA:21,2
DA:25,2
DA:29,4
DA:33,2
DA:37,2
DA:41,0
DA:42,0
DA:49,0
LF:18
LH:15
BRDA:15,0,0,0
BRDA:15,0,1,2
BRDA:16,1,0,0
BRDA:16,1,1,2
BRDA:41,2,0,0
BRDA:41,2,1,0
BRDA:43,3,0,0
BRDA:43,3,1,0
BRDA:43,3,2,0
BRF:9
BRH:2
end_of_record
TN:
SF:src\domain\value-objects\Password.ts
FN:5,(anonymous_0)
FN:14,(anonymous_1)
FN:27,(anonymous_2)
FN:42,(anonymous_3)
FN:52,(anonymous_4)
FN:57,(anonymous_5)
FN:61,(anonymous_6)
FNF:7
FNH:4
FNDA:8,(anonymous_0)
FNDA:0,(anonymous_1)
FNDA:8,(anonymous_2)
FNDA:0,(anonymous_3)
FNDA:0,(anonymous_4)
FNDA:6,(anonymous_5)
FNDA:2,(anonymous_6)
DA:1,4
DA:2,4
DA:4,4
DA:5,8
DA:6,8
DA:15,0
DA:16,0
DA:20,0
DA:28,8
DA:29,0
DA:31,8
DA:44,0
DA:45,0
DA:54,0
DA:58,6
DA:62,2
DA:63,2
LF:17
LH:10
BRDA:15,0,0,0
BRDA:15,0,1,0
BRDA:28,1,0,0
BRDA:28,1,1,8
BRDA:28,2,0,8
BRDA:28,2,1,8
BRDA:28,2,2,8
BRDA:62,3,0,0
BRDA:62,3,1,2
BRF:9
BRH:5
end_of_record
TN:
SF:src\domain\value-objects\UserId.ts
FN:4,(anonymous_0)
FN:8,(anonymous_1)
FN:14,(anonymous_2)
FNF:3
FNH:3
FNDA:9,(anonymous_0)
FNDA:9,(anonymous_1)
FNDA:12,(anonymous_2)
DA:1,4
DA:3,4
DA:4,9
DA:5,9
DA:11,9
DA:15,12
LF:6
LH:6
BRDA:11,0,0,5
BRDA:11,0,1,4
BRDA:11,1,0,9
BRDA:11,1,1,9
BRF:4
BRH:4
end_of_record
TN:
SF:src\tests\utils\createMock.ts
FN:7,createMock
FN:13,(anonymous_1)
FN:21,(anonymous_2)
FNF:3
FNH:2
FNDA:59,createMock
FNDA:113,(anonymous_1)
FNDA:0,(anonymous_2)
DA:7,3
DA:8,59
DA:10,59
DA:14,113
DA:16,55
DA:17,55
DA:18,55
DA:21,0
DA:25,59
LF:9
LH:8
BRDA:14,0,0,58
BRDA:14,0,1,55
BRF:2
BRH:2
end_of_record
